#
# There is insufficient memory for the Java Runtime Environment to continue.
# Native memory allocation (mmap) failed to map 266338304 bytes for G1 virtual space
# Possible reasons:
#   The system is out of physical RAM or swap space
#   The process is running with CompressedOops enabled, and the Java Heap may be blocking the growth of the native heap
# Possible solutions:
#   Reduce memory load on the system
#   Increase physical memory or swap space
#   Check if swap backing store is full
#   Decrease Java heap size (-Xmx/-Xms)
#   Decrease number of Java threads
#   Decrease Java thread stack sizes (-Xss)
#   Set larger code cache with -XX:ReservedCodeCacheSize=
#   JVM is running with Zero Based Compressed Oops mode in which the Java heap is
#     placed in the first 32GB address space. The Java Heap base address is the
#     maximum limit for the native heap growth. Please use -XX:HeapBaseMinAddress
#     to set the Java Heap base and to place the Java Heap above 32GB virtual address.
# This output file may be truncated or incomplete.
#
#  Out of Memory Error (os_windows.cpp:3825), pid=14724, tid=14208
#
# JRE version:  (17.0.10) (build )
# Java VM: OpenJDK 64-Bit Server VM (17.0.10+0--11572160, mixed mode, sharing, tiered, compressed oops, compressed class ptrs, g1 gc, windows-amd64)
# No core dump will be written. Minidumps are not enabled by default on client versions of Windows
#

---------------  S U M M A R Y ------------

Command Line: org.jetbrains.kotlin.cli.jvm.K2JVMCompiler @C:\Users\acer\AndroidStudioProjects\hanrry\app\build\20241102_6789585611655015600.compiler.options

Host: 11th Gen Intel(R) Core(TM) i5-1135G7 @ 2.40GHz, 8 cores, 15G,  Windows 11 , 64 bit Build 22621 (10.0.22621.3958)
Time: Sat Nov  2 00:00:15 2024 SE Asia Standard Time elapsed time: 0.016538 seconds (0d 0h 0m 0s)

---------------  T H R E A D  ---------------

Current thread (0x000001c00b6be3c0):  JavaThread "Unknown thread" [_thread_in_vm, id=14208, stack(0x00000080ea300000,0x00000080ea400000)]

Stack: [0x00000080ea300000,0x00000080ea400000]
Native frames: (J=compiled Java code, j=interpreted, Vv=VM code, C=native code)
V  [jvm.dll+0x688e89]
V  [jvm.dll+0x84247a]
V  [jvm.dll+0x8440be]
V  [jvm.dll+0x844723]
V  [jvm.dll+0x24be0f]
V  [jvm.dll+0x685c59]
V  [jvm.dll+0x67a50a]
V  [jvm.dll+0x30cbab]
V  [jvm.dll+0x314056]
V  [jvm.dll+0x363dce]
V  [jvm.dll+0x363fff]
V  [jvm.dll+0x2e2978]
V  [jvm.dll+0x2e38e4]
V  [jvm.dll+0x813011]
V  [jvm.dll+0x371c81]
V  [jvm.dll+0x7f1b66]
V  [jvm.dll+0x3f58df]
V  [jvm.dll+0x3f7511]
C  [jli.dll+0x528f]
C  [ucrtbase.dll+0x29333]
C  [KERNEL32.DLL+0x1257d]
C  [ntdll.dll+0x5af08]


---------------  P R O C E S S  ---------------

Threads class SMR info:
_java_thread_list=0x00007ff9337aef58, length=0, elements={
}

Java Threads: ( => current thread )

Other Threads:
  0x000001c00b728df0 GCTaskThread "GC Thread#0" [stack: 0x00000080ea400000,0x00000080ea500000] [id=2480]
  0x000001c00b73aa20 ConcurrentGCThread "G1 Main Marker" [stack: 0x00000080ea500000,0x00000080ea600000] [id=10792]
  0x000001c00b73b440 ConcurrentGCThread "G1 Conc#0" [stack: 0x00000080ea600000,0x00000080ea700000] [id=19440]

[error occurred during error reporting (printing all threads), id 0xc0000005, EXCEPTION_ACCESS_VIOLATION (0xc0000005) at pc=0x00007ff932f63547]

VM state: not at safepoint (not fully initialized)

VM Mutex/Monitor currently owned by a thread:  ([mutex/lock_event])
[0x000001c00b6ba9a0] Heap_lock - owner thread: 0x000001c00b6be3c0

Heap address: 0x0000000703200000, size: 4046 MB, Compressed Oops mode: Zero based, Oop shift amount: 3

CDS archive(s) mapped at: [0x0000000000000000-0x0000000000000000-0x0000000000000000), size 0, SharedBaseAddress: 0x0000000800000000, ArchiveRelocationMode: 1.
Narrow klass base: 0x0000000000000000, Narrow klass shift: 0, Narrow klass range: 0x0

GC Precious Log:
<Empty>

Heap:
 garbage-first heap   total 0K, used 0K [0x0000000703200000, 0x0000000800000000)
  region size 2048K, 0 young (0K), 0 survivors (0K)
 Metaspace       used 0K, committed 0K, reserved 0K
  class space    used 0K, committed 0K, reserved 0K

Heap Regions: E=young(eden), S=young(survivor), O=old, HS=humongous(starts), HC=humongous(continues), CS=collection set, F=free, OA=open archive, CA=closed archive, TAMS=top-at-mark-start (previous, next)

Card table byte_map: [0x000001c01e6b0000,0x000001c01eea0000] _byte_map_base: 0x000001c01ae97000

Marking Bits (Prev, Next): (CMBitMap*) 0x000001c00b729410, (CMBitMap*) 0x000001c00b729450
 Prev Bits: [0x000001c01f690000, 0x000001c0235c8000)
 Next Bits: [0x000001c0235d0000, 0x000001c027508000)

GC Heap History (0 events):
No events

Dll operation events (1 events):
Event: 0.010 Loaded shared library C:\Program Files\Android\Android Studio1\jbr\bin\java.dll

Deoptimization events (0 events):
No events

Classes unloaded (0 events):
No events

Classes redefined (0 events):
No events

Internal exceptions (0 events):
No events

VM Operations (0 events):
No events

Events (0 events):
No events


Dynamic libraries:
0x00007ff7557d0000 - 0x00007ff7557da000 	C:\Program Files\Android\Android Studio1\jbr\bin\java.exe
0x00007ff9d9710000 - 0x00007ff9d9927000 	C:\WINDOWS\SYSTEM32\ntdll.dll
0x00007ff9d7660000 - 0x00007ff9d7724000 	C:\WINDOWS\System32\KERNEL32.DLL
0x00007ff9d6f60000 - 0x00007ff9d7317000 	C:\WINDOWS\System32\KERNELBASE.dll
0x00007ff9d6af0000 - 0x00007ff9d6c01000 	C:\WINDOWS\System32\ucrtbase.dll
0x00007ff99ad70000 - 0x00007ff99ad87000 	C:\Program Files\Android\Android Studio1\jbr\bin\jli.dll
0x00007ff9d9480000 - 0x00007ff9d962f000 	C:\WINDOWS\System32\USER32.dll
0x00007ff9d6a20000 - 0x00007ff9d6a46000 	C:\WINDOWS\System32\win32u.dll
0x00007ff9a2f10000 - 0x00007ff9a2f2b000 	C:\Program Files\Android\Android Studio1\jbr\bin\VCRUNTIME140.dll
0x00007ff9d8310000 - 0x00007ff9d8339000 	C:\WINDOWS\System32\GDI32.dll
0x00007ff9c2f20000 - 0x00007ff9c31b3000 	C:\WINDOWS\WinSxS\amd64_microsoft.windows.common-controls_6595b64144ccf1df_6.0.22621.3672_none_2713b9d173822955\COMCTL32.dll
0x00007ff9d7320000 - 0x00007ff9d7438000 	C:\WINDOWS\System32\gdi32full.dll
0x00007ff9d8340000 - 0x00007ff9d83e7000 	C:\WINDOWS\System32\msvcrt.dll
0x00007ff9d6ec0000 - 0x00007ff9d6f5a000 	C:\WINDOWS\System32\msvcp_win.dll
0x00007ff9d7f40000 - 0x00007ff9d7f71000 	C:\WINDOWS\System32\IMM32.DLL
0x00007ff9a2f50000 - 0x00007ff9a2f5c000 	C:\Program Files\Android\Android Studio1\jbr\bin\vcruntime140_1.dll
0x00007ff93de90000 - 0x00007ff93df1d000 	C:\Program Files\Android\Android Studio1\jbr\bin\msvcp140.dll
0x00007ff932c70000 - 0x00007ff9338f3000 	C:\Program Files\Android\Android Studio1\jbr\bin\server\jvm.dll
0x00007ff9d8ef0000 - 0x00007ff9d8fa2000 	C:\WINDOWS\System32\ADVAPI32.dll
0x00007ff9d8e40000 - 0x00007ff9d8ee8000 	C:\WINDOWS\System32\sechost.dll
0x00007ff9d6a50000 - 0x00007ff9d6a78000 	C:\WINDOWS\System32\bcrypt.dll
0x00007ff9d8fb0000 - 0x00007ff9d90c4000 	C:\WINDOWS\System32\RPCRT4.dll
0x00007ff9d58a0000 - 0x00007ff9d58ed000 	C:\WINDOWS\SYSTEM32\POWRPROF.dll
0x00007ff9c6b20000 - 0x00007ff9c6b29000 	C:\WINDOWS\SYSTEM32\WSOCK32.dll
0x00007ff9d9630000 - 0x00007ff9d96a1000 	C:\WINDOWS\System32\WS2_32.dll
0x00007ff9c7710000 - 0x00007ff9c771a000 	C:\WINDOWS\SYSTEM32\VERSION.dll
0x00007ff9d0660000 - 0x00007ff9d0694000 	C:\WINDOWS\SYSTEM32\WINMM.dll
0x00007ff9d5880000 - 0x00007ff9d5893000 	C:\WINDOWS\SYSTEM32\UMPDC.dll
0x00007ff9d5b30000 - 0x00007ff9d5b48000 	C:\WINDOWS\SYSTEM32\kernel.appcore.dll
0x00007ff9c6ae0000 - 0x00007ff9c6aea000 	C:\Program Files\Android\Android Studio1\jbr\bin\jimage.dll
0x00007ff9d3e70000 - 0x00007ff9d40a2000 	C:\WINDOWS\SYSTEM32\DBGHELP.DLL
0x00007ff9d7f80000 - 0x00007ff9d830e000 	C:\WINDOWS\System32\combase.dll
0x00007ff9d90e0000 - 0x00007ff9d91b7000 	C:\WINDOWS\System32\OLEAUT32.dll
0x00007ff9b0470000 - 0x00007ff9b04a2000 	C:\WINDOWS\SYSTEM32\dbgcore.DLL
0x00007ff9d6e40000 - 0x00007ff9d6ebb000 	C:\WINDOWS\System32\bcryptPrimitives.dll
0x00007ff9bd980000 - 0x00007ff9bd9a5000 	C:\Program Files\Android\Android Studio1\jbr\bin\java.dll

dbghelp: loaded successfully - version: 4.0.5 - missing functions: none
symbol engine: initialized successfully - sym options: 0x614 - pdb path: .;C:\Program Files\Android\Android Studio1\jbr\bin;C:\WINDOWS\SYSTEM32;C:\WINDOWS\WinSxS\amd64_microsoft.windows.common-controls_6595b64144ccf1df_6.0.22621.3672_none_2713b9d173822955;C:\Program Files\Android\Android Studio1\jbr\bin\server

VM Arguments:
java_command: org.jetbrains.kotlin.cli.jvm.K2JVMCompiler @C:\Users\acer\AndroidStudioProjects\hanrry\app\build\20241102_6789585611655015600.compiler.options
java_class_path (initial): C:\Users\acer\.gradle\caches\modules-2\files-2.1\org.jetbrains.kotlin\kotlin-compiler-embeddable\1.9.0\2c8c3a7402becca891f12739b3e9fd2dc2adbd7a\kotlin-compiler-embeddable-1.9.0.jar;C:\Users\acer\.gradle\caches\modules-2\files-2.1\org.jetbrains.kotlin\kotlin-stdlib\1.9.0\8ee15ef0c67dc83d874f412d84378d7f0eb50b63\kotlin-stdlib-1.9.0.jar;C:\Users\acer\.gradle\caches\modules-2\files-2.1\org.jetbrains.kotlin\kotlin-script-runtime\1.9.0\4b3102cbbb7e1b58d9d1adf89563f00069ffa7d1\kotlin-script-runtime-1.9.0.jar;C:\Users\acer\.gradle\caches\modules-2\files-2.1\org.jetbrains.kotlin\kotlin-reflect\1.6.10\1cbe9c92c12a94eea200d23c2bbaedaf3daf5132\kotlin-reflect-1.6.10.jar;C:\Users\acer\.gradle\caches\modules-2\files-2.1\org.jetbrains.kotlin\kotlin-daemon-embeddable\1.9.0\186543f5e28cf8d9a0290fecc2cf34301c40a65c\kotlin-daemon-embeddable-1.9.0.jar;C:\Users\acer\.gradle\caches\modules-2\files-2.1\org.jetbrains.intellij.deps\trove4j\1.0.20200330\3afb14d5f9ceb459d724e907a21145e8ff394f02\trove4j-1.0.20200330.jar;C:\Users\acer\.gradle\caches\modules-2\files-2.1\org.jetbrains.kotlin\kotlin-stdlib-common\1.9.0\cd65c21cfd1eec4d44ef09f9f52b6d9f8a720636\kotlin-stdlib-common-1.9.0.jar;C:\Users\acer\.gradle\caches\modules-2\files-2.1\org.jetbrains\annotations\13.0\919f0dfe192fb4e063e7dacadee7f8bb9a2672a9\annotations-13.0.jar
Launcher Type: SUN_STANDARD

[Global flags]
     intx CICompilerCount                          = 4                                         {product} {ergonomic}
     uint ConcGCThreads                            = 2                                         {product} {ergonomic}
     uint G1ConcRefinementThreads                  = 8                                         {product} {ergonomic}
   size_t G1HeapRegionSize                         = 2097152                                   {product} {ergonomic}
    uintx GCDrainStackTargetSize                   = 64                                        {product} {ergonomic}
   size_t InitialHeapSize                          = 266338304                                 {product} {ergonomic}
   size_t MarkStackSize                            = 4194304                                   {product} {ergonomic}
   size_t MaxHeapSize                              = 4242538496                                {product} {ergonomic}
   size_t MinHeapDeltaBytes                        = 2097152                                   {product} {ergonomic}
   size_t MinHeapSize                              = 8388608                                   {product} {ergonomic}
    uintx NonNMethodCodeHeapSize                   = 5839372                                {pd product} {ergonomic}
    uintx NonProfiledCodeHeapSize                  = 122909434                              {pd product} {ergonomic}
    uintx ProfiledCodeHeapSize                     = 122909434                              {pd product} {ergonomic}
    uintx ReservedCodeCacheSize                    = 251658240                              {pd product} {ergonomic}
     bool SegmentedCodeCache                       = true                                      {product} {ergonomic}
   size_t SoftMaxHeapSize                          = 4242538496                             {manageable} {ergonomic}
     bool UseCompressedClassPointers               = true                           {product lp64_product} {ergonomic}
     bool UseCompressedOops                        = true                           {product lp64_product} {ergonomic}
     bool UseG1GC                                  = true                                      {product} {ergonomic}
     bool UseLargePagesIndividualAllocation        = false                                  {pd product} {ergonomic}

Logging:
Log output configuration:
 #0: stdout all=warning uptime,level,tags
 #1: stderr all=off uptime,level,tags

Environment Variables:
JAVA_HOME=C:\Program Files\Java\jdk-17.0.12
PATH=C:\Program Files\Zulu\zulu-21\bin\;C:\Program Files (x86)\VMware\VMware Player\bin\;C:\Program Files\Common Files\Oracle\Java\javapath;C:\Program Files\Python311\Scripts\;C:\Program Files\Python311\;C:\WINDOWS\system32;C:\WINDOWS;C:\WINDOWS\System32\Wbem;C:\WINDOWS\System32\WindowsPowerShell\v1.0\;C:\WINDOWS\System32\OpenSSH\;C:\Program Files\Java\jdk-20\bin;C:\gradle-8.10.1\bin;C:\Program Files\Git\cmd;C:\Program Files\nodejs\;C:\Users\acer\AppData\Local\Microsoft\WindowsApps;C:\xampp\mysql\bin;;C:\Users\acer\AppData\Local\Programs\Microsoft VS Code\bin;C:\Program Files\JetBrains\IntelliJ IDEA 2024.2.1\bin;;C:\Program Files\JetBrains\IntelliJ IDEA Community Edition 2024.2.1\bin;;C:\Users\acer\AppData\Roaming\npm
USERNAME=acer
OS=Windows_NT
PROCESSOR_IDENTIFIER=Intel64 Family 6 Model 140 Stepping 1, GenuineIntel
TMP=C:\Users\acer\AppData\Local\Temp
TEMP=C:\Users\acer\AppData\Local\Temp



Periodic native trim disabled

JNI global refs:
JNI global refs: 0, weak refs: 0

JNI global refs memory usage: 0, weak refs: 0

OOME stack traces (most recent first):
Classloader memory used:


---------------  S Y S T E M  ---------------

OS:
 Windows 11 , 64 bit Build 22621 (10.0.22621.3958)
OS uptime: 7 days 2:12 hours
Hyper-V role detected

CPU: total 8 (initial active 8) (4 cores per cpu, 2 threads per core) family 6 model 140 stepping 1 microcode 0x86, cx8, cmov, fxsr, ht, mmx, 3dnowpref, sse, sse2, sse3, ssse3, sse4.1, sse4.2, popcnt, lzcnt, tsc, tscinvbit, avx, avx2, aes, erms, clmul, bmi1, bmi2, adx, avx512f, avx512dq, avx512cd, avx512bw, avx512vl, sha, fma, vzeroupper, avx512_vpopcntdq, avx512_vpclmulqdq, avx512_vaes, avx512_vnni, clflush, clflushopt, clwb, avx512_vbmi2, avx512_vbmi, hv
Processor Information for processor 0
  Max Mhz: 2419, Current Mhz: 2419, Mhz Limit: 2419
Processor Information for processor 1
  Max Mhz: 2419, Current Mhz: 2419, Mhz Limit: 2419
Processor Information for processor 2
  Max Mhz: 2419, Current Mhz: 2419, Mhz Limit: 2419
Processor Information for processor 3
  Max Mhz: 2419, Current Mhz: 1209, Mhz Limit: 2419
Processor Information for processor 4
  Max Mhz: 2419, Current Mhz: 2419, Mhz Limit: 2419
Processor Information for processor 5
  Max Mhz: 2419, Current Mhz: 2419, Mhz Limit: 2419
Processor Information for processor 6
  Max Mhz: 2419, Current Mhz: 2419, Mhz Limit: 2419
Processor Information for processor 7
  Max Mhz: 2419, Current Mhz: 2419, Mhz Limit: 2419

Memory: 4k page, system-wide physical 16179M (1061M free)
TotalPageFile size 23025M (AvailPageFile size 255M)
current process WorkingSet (physical memory assigned to process): 11M, peak: 11M
current process commit charge ("private bytes"): 60M, peak: 314M

vm_info: OpenJDK 64-Bit Server VM (17.0.10+0--11572160) for windows-amd64 JRE (17.0.10+0--11572160), built on Mar 13 2024 23:56:38 by "androidbuild" with MS VC++ 16.10 / 16.11 (VS2019)

END.
